<?xml version="1.0" encoding="UTF-8"?>
<testsuite name="MaximumNumberTest" tests="1" skipped="0" failures="0" errors="0" timestamp="2021-06-03T15:49:51" hostname="ANUJ-TUF" time="0.073">
  <properties/>
  <testcase name="givenThreeFloat_WithMaxAtThirdPlace_ReturnMaximum()" classname="MaximumNumberTest" time="0.073"/>
  <system-out><![CDATA[]]></system-out>
  <system-err><![CDATA[]]></system-err>
</testsuite>
