<?xml version="1.0" encoding="UTF-8"?>
<testsuite name="MaximumNumberTest" tests="1" skipped="0" failures="0" errors="0" timestamp="2021-06-04T10:16:39" hostname="ANUJ-TUF" time="0.065">
  <properties/>
  <testcase name="givenStringInput_ReturnMaximum_GenericTest()" classname="MaximumNumberTest" time="0.065"/>
  <system-out><![CDATA[]]></system-out>
  <system-err><![CDATA[]]></system-err>
</testsuite>
