<?xml version="1.0" encoding="UTF-8"?>
<testsuite name="MaximumNumberTest" tests="18" skipped="0" failures="0" errors="0" timestamp="2021-06-04T05:23:09" hostname="ANUJ-TUF" time="0.035">
  <properties/>
  <testcase name="givenThreeString_WithMaxAtThird_ReturnMaximum()" classname="MaximumNumberTest" time="0.019"/>
  <testcase name="givenThreeInteger_WithMaxAtThirdPlace_ReturnMaximum_GenericTest()" classname="MaximumNumberTest" time="0.0"/>
  <testcase name="givenThreeFloat_WithMaxAtFirstPlace_ReturnMaximum()" classname="MaximumNumberTest" time="0.0"/>
  <testcase name="givenThreeFloat_WithMaxAtThirdPlace_ReturnMaximum_GenericTest()" classname="MaximumNumberTest" time="0.0"/>
  <testcase name="givenThreeString_WithMaxAtSecondPlace_ReturnMaximum_GenericTest()" classname="MaximumNumberTest" time="0.001"/>
  <testcase name="givenThreeInteger_WithMaxAtFirstPlace_ReturnMaximum()" classname="MaximumNumberTest" time="0.001"/>
  <testcase name="givenThreeInteger_WithMaxAtSecondPlace_ReturnMaximum_GenericTest()" classname="MaximumNumberTest" time="0.0"/>
  <testcase name="givenThreeInteger_WithMaxAtFirstPlace_ReturnMaximum_GenericTest()" classname="MaximumNumberTest" time="0.0"/>
  <testcase name="givenThreeFloat_WithMaxAtFirstPlace_ReturnMaximum_GenericTest()" classname="MaximumNumberTest" time="0.001"/>
  <testcase name="givenThreeFloat_WithMaxAtThirdPlace_ReturnMaximum()" classname="MaximumNumberTest" time="0.001"/>
  <testcase name="givenThreeInteger_WithMaxAtThirdPlace_ReturnMaximum()" classname="MaximumNumberTest" time="0.001"/>
  <testcase name="givenThreeString_WithMaxAtThirdPlace_ReturnMaximum_GenericTest()" classname="MaximumNumberTest" time="0.001"/>
  <testcase name="givenThreeFloat_WithMaxAtSecondPlace_ReturnMaximum_GenericTest()" classname="MaximumNumberTest" time="0.0"/>
  <testcase name="givenThreeString_WithMaxAtFirstPlace_ReturnMaximum_GenericTest()" classname="MaximumNumberTest" time="0.001"/>
  <testcase name="givenThreeFloat_WithMaxAtSecondPlace_ReturnMaximum()" classname="MaximumNumberTest" time="0.001"/>
  <testcase name="givenThreeString_WithMaxAtSecond_ReturnMaximum()" classname="MaximumNumberTest" time="0.0"/>
  <testcase name="givenThreeString_WithMaxAtFirst_ReturnMaximum()" classname="MaximumNumberTest" time="0.0"/>
  <testcase name="givenThreeInteger_WithMaxAtSecondPlace_ReturnMaximum()" classname="MaximumNumberTest" time="0.0"/>
  <system-out><![CDATA[]]></system-out>
  <system-err><![CDATA[]]></system-err>
</testsuite>
